\BOOKMARK [1][-]{section.1}{\376\377\000P\000I\000\040\000s\000z\000a\000b\000\341\000l\000y\000z\000\363\000\040\000t\000e\000r\000v\000e\000z\000\351\000s\000e\000\040\000p\000\363\000l\000u\000s\000-\000z\000\351\000r\000u\000s\000\040\000k\000i\000e\000j\000t\000\351\000s\000s\000e\000l}{}% 1
\BOOKMARK [2][-]{subsection.1.1}{\376\377\000P\000\040\000\351\000s\000\040\000I\000\040\000p\000a\000r\000a\000m\000\351\000t\000e\000r\000e\000k\000\040\000s\000z\000\341\000m\000\355\000t\000\341\000s\000a}{section.1}% 2
\BOOKMARK [2][-]{subsection.1.2}{\376\377\000E\000g\000y\000s\000\351\000g\000u\000g\000r\000\341\000s\000\040\000v\000\341\000l\000a\000s\000z}{section.1}% 3
\BOOKMARK [2][-]{subsection.1.3}{\376\377\000\301\000l\000l\000a\000n\000d\000\363\000s\000u\000l\000t\000\040\000s\000z\000\366\000g\000s\000e\000b\000e\000s\000s\000\351\000g}{section.1}% 4
\BOOKMARK [1][-]{section.2}{\376\377\000P\000D\000\040\000s\000z\000a\000b\000\341\000l\000y\000z\000\363\000\040\000t\000e\000r\000v\000e\000z\000\351\000s\000e\000\040\000p\000\363\000l\000u\000s\000-\000z\000\351\000r\000u\000s\000\040\000k\000i\000e\000j\000t\000\351\000s\000s\000e\000l}{}% 5
\BOOKMARK [2][-]{subsection.2.1}{\376\377\000P\000\040\000\351\000s\000\040\000D\000\040\000p\000a\000r\000a\000m\000\351\000t\000e\000r\000e\000k\000\040\000s\000z\000\341\000m\000\355\000t\000\341\000s\000a}{section.2}% 6
\BOOKMARK [2][-]{subsection.2.2}{\376\377\000E\000g\000y\000s\000\351\000g\000u\000g\000r\000\341\000s\000\040\000v\000\341\000l\000a\000s\000z}{section.2}% 7
\BOOKMARK [2][-]{subsection.2.3}{\376\377\000\301\000l\000l\000a\000n\000d\000\363\000s\000u\000l\000t\000\040\000s\000z\000\366\000g\000s\000e\000b\000e\000s\000s\000\351\000g}{section.2}% 8
\BOOKMARK [1][-]{section.3}{\376\377\000P\000I\000\040\000p\000o\000z\000\355\000c\000i\000\363\000\040\000s\000z\000a\000b\000\341\000l\000y\000o\000z\000\341\000s\000\040\000s\000z\000i\000m\000m\000e\000t\000r\000i\000k\000u\000s\000\040\000o\000p\000t\000i\000m\000u\000m\000\040\000m\000\363\000d\000s\000z\000e\000r\000r\000e\000l}{}% 9
\BOOKMARK [2][-]{subsection.3.1}{\376\377\000P\000\040\000\351\000s\000\040\000I\000\040\000p\000a\000r\000a\000m\000\351\000t\000e\000r\000e\000k\000\040\000s\000z\000\341\000m\000\355\000t\000\341\000s\000a}{section.3}% 10
\BOOKMARK [2][-]{subsection.3.2}{\376\377\000E\000g\000y\000s\000\351\000g\000u\000g\000r\000\341\000s\000\040\000v\000\341\000l\000a\000s\000z}{section.3}% 11
\BOOKMARK [2][-]{subsection.3.3}{\376\377\000\301\000l\000l\000a\000n\000d\000\363\000s\000u\000l\000t\000\040\000s\000z\000\366\000g\000s\000e\000b\000e\000s\000s\000\351\000g}{section.3}% 12
\BOOKMARK [1][-]{section.4}{\376\377\000P\000I\000D\000\040\000p\000o\000z\000\355\000c\000i\000\363\000\040\000s\000z\000a\000b\000\341\000l\000y\000o\000z\000\341\000s\000\040\000s\000z\000i\000m\000m\000e\000t\000r\000i\000k\000u\000s\000\040\000o\000p\000t\000i\000m\000u\000m\000\040\000m\000\363\000d\000s\000z\000e\000r\000r\000e\000l}{}% 13
\BOOKMARK [2][-]{subsection.4.1}{\376\377\000P\000,\000\040\000I\000\040\000\351\000s\000\040\000D\000\040\000p\000a\000r\000a\000m\000\351\000t\000e\000r\000e\000k\000\040\000s\000z\000\341\000m\000\355\000t\000\341\000s\000a}{section.4}% 14
\BOOKMARK [2][-]{subsection.4.2}{\376\377\000E\000g\000y\000s\000\351\000g\000u\000g\000r\000\341\000s\000\040\000v\000\341\000l\000a\000s\000z}{section.4}% 15
\BOOKMARK [2][-]{subsection.4.3}{\376\377\000\301\000l\000l\000a\000n\000d\000\363\000s\000u\000l\000t\000\040\000s\000z\000\366\000g\000s\000e\000b\000e\000s\000s\000\351\000g}{section.4}% 16
\BOOKMARK [1][-]{section.5}{\376\377\000S\000z\000\366\000g\000s\000e\000b\000e\000s\000s\000\351\000g\000\040\000s\000z\000a\000b\000\341\000l\000y\000o\000z\000\341\000s\000\040\000\341\000l\000l\000a\000p\000o\000t\000v\000i\000s\000s\000z\000a\000c\000s\000a\000t\000o\000l\000\341\000s\000s\000a\000l}{}% 17
\BOOKMARK [2][-]{subsection.5.1}{\376\377\000P\000\363\000l\000u\000s\000o\000k\000\040\000s\000z\000\341\000m\000\355\000t\000\341\000s\000a}{section.5}% 18
\BOOKMARK [2][-]{subsection.5.2}{\376\377\000A\000\040\000s\000z\000a\000b\000\341\000l\000y\000o\000z\000\363\000\040\000m\000\341\000t\000r\000i\000x\000\040\000s\000z\000\341\000m\000\355\000t\000\341\000s\000a}{section.5}% 19
\BOOKMARK [2][-]{subsection.5.3}{\376\377\000U\000g\000r\000\341\000s\000f\000\374\000g\000g\000v\000\351\000n\000y}{section.5}% 20
\BOOKMARK [2][-]{subsection.5.4}{\376\377\000\301\000l\000l\000a\000n\000d\000\363\000s\000u\000l\000t\000\040\000\351\000r\000t\000\351\000k}{section.5}% 21
\BOOKMARK [2][-]{subsection.5.5}{\376\377\000A\000l\000a\000p\000k\000o\000m\000p\000e\000n\000z\000\341\000c\000i\000\363\000\040\000s\000z\000\341\000m\000\355\000t\000\341\000s\000a}{section.5}% 22
\BOOKMARK [2][-]{subsection.5.6}{\376\377\000A\000l\000a\000p\000j\000e\000l\000k\000o\000m\000p\000e\000n\000z\000\341\000l\000t\000\040\000u\000g\000r\000\341\000s\000v\000\341\000l\000a\000s\000z}{section.5}% 23
\BOOKMARK [2][-]{subsection.5.7}{\376\377\000\301\000l\000l\000a\000n\000d\000\363\000s\000u\000l\000t\000\040\000\351\000r\000t\000\351\000k}{section.5}% 24
\BOOKMARK [2][-]{subsection.5.8}{\376\377\000S\000t\000a\000t\000i\000k\000u\000s\000\040\000a\000l\000a\000p\000j\000e\000l\000k\000o\000m\000p\000e\000n\000z\000\341\000c\000i\000\363}{section.5}% 25
\BOOKMARK [2][-]{subsection.5.9}{\376\377\000S\000t\000a\000t\000i\000k\000u\000s\000\040\000a\000l\000a\000p\000j\000e\000l\000k\000o\000m\000p\000e\000n\000z\000\341\000l\000t\000\040\000u\000g\000r\000\341\000s\000v\000\341\000l\000a\000s\000z}{section.5}% 26
\BOOKMARK [2][-]{subsection.5.10}{\376\377\000\301\000l\000l\000a\000n\000d\000\363\000s\000u\000l\000t\000\040\000\351\000r\000t\000\351\000k}{section.5}% 27
